<?xml version="1.0" encoding="UTF-8"?>
<!-- Generated by org.testng.reporters.JUnitReportReporter -->
<testsuite skipped="0" hostname="user-PC" name="com.aut.joyeria.testcases.TestLogin" tests="3" failures="0" timestamp="23 abr 2019 02:57:57 GMT" time="21.836" errors="0">
  <testcase name="testLoginSuccessCase" time="11.511" classname="com.aut.joyeria.testcases.TestLogin"/>
  <testcase name="testLoginEmpty" time="2.849" classname="com.aut.joyeria.testcases.TestLogin"/>
  <testcase name="testLoginBadAccount" time="7.476" classname="com.aut.joyeria.testcases.TestLogin"/>
</testsuite> <!-- com.aut.joyeria.testcases.TestLogin -->
