<?xml version="1.0" encoding="UTF-8"?>
<!-- Generated by org.testng.reporters.JUnitReportReporter -->
<testsuite skipped="0" hostname="user-PC" name="com.aut.joyeria.testcases.TestProductDetails" tests="3" failures="0" timestamp="23 abr 2019 02:57:57 GMT" time="34.871" errors="0">
  <testcase name="addOneToCart" time="16.052" classname="com.aut.joyeria.testcases.TestProductDetails"/>
  <testcase name="addDifferentProductToCart" time="9.516" classname="com.aut.joyeria.testcases.TestProductDetails"/>
  <testcase name="addMoreThanOneToCart" time="9.303" classname="com.aut.joyeria.testcases.TestProductDetails"/>
</testsuite> <!-- com.aut.joyeria.testcases.TestProductDetails -->
