<?xml version="1.0" encoding="UTF-8"?>
<!-- Generated by org.testng.reporters.JUnitReportReporter -->
<testsuite skipped="0" hostname="user-PC" name="com.aut.joyeria.testcases.TestLogin" tests="3" failures="0" timestamp="30 mar 2020 05:36:34 GMT" time="186.954" errors="0">
  <testcase name="testLoginSuccessCase" time="133.050" classname="com.aut.joyeria.testcases.TestLogin"/>
  <testcase name="testLoginEmpty" time="25.531" classname="com.aut.joyeria.testcases.TestLogin"/>
  <testcase name="testLoginBadAccount" time="28.373" classname="com.aut.joyeria.testcases.TestLogin"/>
</testsuite> <!-- com.aut.joyeria.testcases.TestLogin -->
