<?xml version="1.0" encoding="UTF-8"?>
<!-- Generated by org.testng.reporters.JUnitReportReporter -->
<testsuite skipped="0" hostname="user-PC" name="com.aut.joyeria.testcases.TestLogin" tests="3" failures="0" timestamp="21 mar 2020 01:35:12 GMT" time="177.197" errors="0">
  <testcase name="testLoginSuccessCase" time="123.201" classname="com.aut.joyeria.testcases.TestLogin"/>
  <testcase name="testLoginEmpty" time="25.605" classname="com.aut.joyeria.testcases.TestLogin"/>
  <testcase name="testLoginBadAccount" time="28.391" classname="com.aut.joyeria.testcases.TestLogin"/>
</testsuite> <!-- com.aut.joyeria.testcases.TestLogin -->
