<?xml version="1.0" encoding="UTF-8"?>
<!-- Generated by org.testng.reporters.JUnitReportReporter -->
<testsuite skipped="0" hostname="user-PC" name="com.aut.joyeria.testcases.TestProductDetails" tests="3" failures="0" timestamp="30 mar 2020 05:36:34 GMT" time="245.069" errors="0">
  <testcase name="addOneToCart" time="159.064" classname="com.aut.joyeria.testcases.TestProductDetails"/>
  <testcase name="addDifferentProductToCart" time="44.181" classname="com.aut.joyeria.testcases.TestProductDetails"/>
  <testcase name="addMoreThanOneToCart" time="41.824" classname="com.aut.joyeria.testcases.TestProductDetails"/>
</testsuite> <!-- com.aut.joyeria.testcases.TestProductDetails -->
