<?xml version="1.0" encoding="UTF-8"?>
<!-- Generated by org.testng.reporters.JUnitReportReporter -->
<testsuite skipped="0" hostname="user-PC" name="com.aut.joyeria.testcases.TestProductDetails" tests="3" failures="0" timestamp="21 mar 2020 01:35:12 GMT" time="242.712" errors="0">
  <testcase name="addOneToCart" time="156.430" classname="com.aut.joyeria.testcases.TestProductDetails"/>
  <testcase name="addDifferentProductToCart" time="44.590" classname="com.aut.joyeria.testcases.TestProductDetails"/>
  <testcase name="addMoreThanOneToCart" time="41.692" classname="com.aut.joyeria.testcases.TestProductDetails"/>
</testsuite> <!-- com.aut.joyeria.testcases.TestProductDetails -->
